<?xml version="1.0" encoding="UTF-8"?>
<!-- Generated by org.testng.reporters.JUnitReportReporter -->
<testsuite hostname="NLPULTP4603899" failures="0" tests="1" name="testCases.IteratorClass" time="9.478" errors="0" timestamp="2023-09-09T11:36:33 IST" skipped="0">
  <testcase classname="testCases.IteratorClass" name="windowhandle" time="9.478"/>
  <system-out/>
</testsuite> <!-- testCases.IteratorClass -->
