<?xml version="1.0" encoding="UTF-8"?>
<!-- Generated by org.testng.reporters.JUnitReportReporter -->
<testsuite hostname="NLPULTP4603899" failures="0" tests="1" name="testCases.MultiWindow2" time="14.177" errors="0" timestamp="2023-09-09T10:49:43 IST" skipped="0">
  <testcase classname="testCases.MultiWindow2" name="windowhandle" time="14.177"/>
  <system-out/>
</testsuite> <!-- testCases.MultiWindow2 -->
