<?xml version="1.0" encoding="UTF-8"?>
<!-- Generated by org.testng.reporters.JUnitReportReporter -->
<testsuite hostname="NLPULTP4603899" failures="0" tests="1" name="testCases.MultiWindowwithIndex" time="7.952" errors="0" timestamp="2023-09-09T11:15:28 IST" skipped="0">
  <testcase classname="testCases.MultiWindowwithIndex" name="windowhandle" time="7.952"/>
  <system-out/>
</testsuite> <!-- testCases.MultiWindowwithIndex -->
