<?xml version="1.0" encoding="UTF-8"?>
<!-- Generated by org.testng.reporters.JUnitReportReporter -->
<testsuite hostname="NLPULTP4603899" failures="0" tests="1" name="testCases.WindowHandle" time="23.535" errors="0" timestamp="2023-09-08T21:12:57 IST" skipped="0">
  <testcase classname="testCases.WindowHandle" name="window" time="23.535"/>
  <system-out/>
</testsuite> <!-- testCases.WindowHandle -->
