<?xml version="1.0" encoding="UTF-8"?>
<!-- Generated by org.testng.reporters.JUnitReportReporter -->
<testsuite hostname="NLPULTP4603899" failures="0" tests="2" name="testCases.Parallel" time="23.657" errors="0" timestamp="2023-11-18T06:54:42 IST" skipped="0">
  <testcase classname="testCases.Parallel" name="parallelTest2" time="12.000"/>
  <system-out/>
  <testcase classname="testCases.Parallel" name="parallelTest" time="11.657"/>
  <system-out/>
</testsuite> <!-- testCases.Parallel -->
