<?xml version="1.0" encoding="UTF-8"?>
<!-- Generated by org.testng.reporters.JUnitReportReporter -->
<testsuite hostname="NLPULTP4603899" failures="0" tests="2" name="testCases.Parallel" time="17.463" errors="0" timestamp="2023-11-25T00:08:19 IST" skipped="0">
  <testcase classname="testCases.Parallel" name="parallelTest" time="8.568"/>
  <system-out/>
  <testcase classname="testCases.Parallel" name="parallelTest2" time="8.895"/>
  <system-out/>
</testsuite> <!-- testCases.Parallel -->
