<?xml version="1.0" encoding="UTF-8"?>
<!-- Generated by org.testng.reporters.JUnitReportReporter -->
<testsuite hostname="NLPULTP4603899" failures="0" tests="1" name="testCases.Run" time="23.388" errors="0" timestamp="2023-09-11T13:12:23 IST" skipped="0">
  <testcase classname="testCases.Run" name="tbrowseropen" time="23.388"/>
  <system-out/>
</testsuite> <!-- testCases.Run -->
